<?xml version="1.0" encoding="UTF-8"?>
<!-- Generated by org.testng.reporters.JUnitXMLReporter -->
<testsuite ignored="0" hostname="Monika-13" failures="0" tests="19" name="AllTests" time="102.539" errors="0" timestamp="2026-05-08T17:02:42 IST">
  <testcase classname="testcases.LoginTest" name="verifyLoginPageDisplayed" time="0.041"/>
  <testcase classname="testcases.LoginTest" name="verifyUsernameField" time="0.098"/>
  <testcase classname="testcases.LoginTest" name="verifyPasswordField" time="0.082"/>
  <testcase classname="testcases.LoginTest" name="verifyLoginButton" time="0.043"/>
  <testcase classname="testcases.LoginTest" name="validLoginTest" time="0.476"/>
  <testcase classname="testcases.LoginTest" name="invalidUsernameTest" time="0.629"/>
  <testcase classname="testcases.LoginTest" name="invalidPasswordTest" time="0.54"/>
  <testcase classname="testcases.LoginTest" name="invalidCredentialsTest" time="0.497"/>
  <testcase classname="testcases.LoginTest" name="verifyUsernameEnabled" time="0.082"/>
  <testcase classname="testcases.LoginTest" name="verifyPasswordEnabled" time="0.056"/>
  <testcase classname="testcases.LoginTest" name="verifyLoginButtonEnabled" time="0.053"/>
  <testcase classname="testcases.LoginTest" name="verifyLoginButtonClickable" time="0.059"/>
  <testcase classname="testcases.LogoutTest" name="logoutTest" time="1.362"/>
  <testcase classname="testcases.CheckoutTest" name="verifyCheckout" time="1.345"/>
  <testcase classname="testcases.NavigationTest" name="verifyNavigation" time="0.581"/>
  <testcase classname="testcases.UITest" name="verifyUIElements" time="0.214"/>
  <testcase classname="testcases.SecurityTest" name="invalidLoginTest" time="0.462"/>
  <testcase classname="testcases.PerformanceTest" name="pageLoadTimeTest" time="0.099"/>
  <testcase classname="testcases.EdgeCaseTest" name="emptyLoginTest" time="0.376"/>
</testsuite> <!-- AllTests -->
