<?xml version="1.0" encoding="UTF-8"?>
<testng-results ignored="0" total="19" passed="19" failed="0" skipped="0">
  <reporter-output>
  </reporter-output>
  <suite started-at="2026-05-08T17:00:59 IST" name="AutomationSuite" finished-at="2026-05-08T17:02:41 IST" duration-ms="102539">
    <groups>
    </groups>
    <test started-at="2026-05-08T17:00:59 IST" name="AllTests" finished-at="2026-05-08T17:02:41 IST" duration-ms="102539">
      <class name="testcases.LogoutTest">
        <test-method is-config="true" signature="setup()[pri:0, instance:testcases.LogoutTest@5c86dbc5]" started-at="2026-05-08T17:02:00 IST" name="setup" finished-at="2026-05-08T17:02:05 IST" duration-ms="5135" status="PASS">
          <reporter-output>
          </reporter-output>
        </test-method> <!-- setup -->
        <test-method signature="logoutTest()[pri:0, instance:testcases.LogoutTest@5c86dbc5]" started-at="2026-05-08T17:02:05 IST" name="logoutTest" finished-at="2026-05-08T17:02:06 IST" duration-ms="1362" status="PASS">
          <reporter-output>
          </reporter-output>
        </test-method> <!-- logoutTest -->
        <test-method is-config="true" signature="tearDown()[pri:0, instance:testcases.LogoutTest@5c86dbc5]" started-at="2026-05-08T17:02:06 IST" name="tearDown" finished-at="2026-05-08T17:02:06 IST" duration-ms="158" status="PASS">
          <reporter-output>
          </reporter-output>
        </test-method> <!-- tearDown -->
      </class> <!-- testcases.LogoutTest -->
      <class name="testcases.SecurityTest">
        <test-method is-config="true" signature="setup()[pri:0, instance:testcases.SecurityTest@7068e664]" started-at="2026-05-08T17:02:23 IST" name="setup" finished-at="2026-05-08T17:02:29 IST" duration-ms="5116" status="PASS">
          <reporter-output>
          </reporter-output>
        </test-method> <!-- setup -->
        <test-method signature="invalidLoginTest()[pri:0, instance:testcases.SecurityTest@7068e664]" started-at="2026-05-08T17:02:29 IST" name="invalidLoginTest" finished-at="2026-05-08T17:02:29 IST" duration-ms="462" status="PASS">
          <reporter-output>
          </reporter-output>
        </test-method> <!-- invalidLoginTest -->
        <test-method is-config="true" signature="tearDown()[pri:0, instance:testcases.SecurityTest@7068e664]" started-at="2026-05-08T17:02:29 IST" name="tearDown" finished-at="2026-05-08T17:02:29 IST" duration-ms="161" status="PASS">
          <reporter-output>
          </reporter-output>
        </test-method> <!-- tearDown -->
      </class> <!-- testcases.SecurityTest -->
      <class name="testcases.UITest">
        <test-method is-config="true" signature="setup()[pri:0, instance:testcases.UITest@1a5a4e19]" started-at="2026-05-08T17:02:18 IST" name="setup" finished-at="2026-05-08T17:02:23 IST" duration-ms="5162" status="PASS">
          <reporter-output>
          </reporter-output>
        </test-method> <!-- setup -->
        <test-method signature="verifyUIElements()[pri:0, instance:testcases.UITest@1a5a4e19]" started-at="2026-05-08T17:02:23 IST" name="verifyUIElements" finished-at="2026-05-08T17:02:23 IST" duration-ms="214" status="PASS">
          <reporter-output>
          </reporter-output>
        </test-method> <!-- verifyUIElements -->
        <test-method is-config="true" signature="tearDown()[pri:0, instance:testcases.UITest@1a5a4e19]" started-at="2026-05-08T17:02:23 IST" name="tearDown" finished-at="2026-05-08T17:02:23 IST" duration-ms="188" status="PASS">
          <reporter-output>
          </reporter-output>
        </test-method> <!-- tearDown -->
      </class> <!-- testcases.UITest -->
      <class name="testcases.EdgeCaseTest">
        <test-method is-config="true" signature="setup()[pri:0, instance:testcases.EdgeCaseTest@3e78b6a5]" started-at="2026-05-08T17:02:37 IST" name="setup" finished-at="2026-05-08T17:02:41 IST" duration-ms="3470" status="PASS">
          <reporter-output>
          </reporter-output>
        </test-method> <!-- setup -->
        <test-method signature="emptyLoginTest()[pri:0, instance:testcases.EdgeCaseTest@3e78b6a5]" started-at="2026-05-08T17:02:41 IST" name="emptyLoginTest" finished-at="2026-05-08T17:02:41 IST" duration-ms="376" status="PASS">
          <reporter-output>
          </reporter-output>
        </test-method> <!-- emptyLoginTest -->
        <test-method is-config="true" signature="tearDown()[pri:0, instance:testcases.EdgeCaseTest@3e78b6a5]" started-at="2026-05-08T17:02:41 IST" name="tearDown" finished-at="2026-05-08T17:02:41 IST" duration-ms="175" status="PASS">
          <reporter-output>
          </reporter-output>
        </test-method> <!-- tearDown -->
      </class> <!-- testcases.EdgeCaseTest -->
      <class name="testcases.NavigationTest">
        <test-method is-config="true" signature="setup()[pri:0, instance:testcases.NavigationTest@4ee203eb]" started-at="2026-05-08T17:02:13 IST" name="setup" finished-at="2026-05-08T17:02:17 IST" duration-ms="4345" status="PASS">
          <reporter-output>
          </reporter-output>
        </test-method> <!-- setup -->
        <test-method signature="verifyNavigation()[pri:0, instance:testcases.NavigationTest@4ee203eb]" started-at="2026-05-08T17:02:17 IST" name="verifyNavigation" finished-at="2026-05-08T17:02:18 IST" duration-ms="581" status="PASS">
          <reporter-output>
          </reporter-output>
        </test-method> <!-- verifyNavigation -->
        <test-method is-config="true" signature="tearDown()[pri:0, instance:testcases.NavigationTest@4ee203eb]" started-at="2026-05-08T17:02:18 IST" name="tearDown" finished-at="2026-05-08T17:02:18 IST" duration-ms="193" status="PASS">
          <reporter-output>
          </reporter-output>
        </test-method> <!-- tearDown -->
      </class> <!-- testcases.NavigationTest -->
      <class name="testcases.PerformanceTest">
        <test-method is-config="true" signature="setup()[pri:0, instance:testcases.PerformanceTest@60db1c0e]" started-at="2026-05-08T17:02:29 IST" name="setup" finished-at="2026-05-08T17:02:37 IST" duration-ms="7541" status="PASS">
          <reporter-output>
          </reporter-output>
        </test-method> <!-- setup -->
        <test-method signature="pageLoadTimeTest()[pri:0, instance:testcases.PerformanceTest@60db1c0e]" started-at="2026-05-08T17:02:37 IST" name="pageLoadTimeTest" finished-at="2026-05-08T17:02:37 IST" duration-ms="99" status="PASS">
          <reporter-output>
          </reporter-output>
        </test-method> <!-- pageLoadTimeTest -->
        <test-method is-config="true" signature="tearDown()[pri:0, instance:testcases.PerformanceTest@60db1c0e]" started-at="2026-05-08T17:02:37 IST" name="tearDown" finished-at="2026-05-08T17:02:37 IST" duration-ms="182" status="PASS">
          <reporter-output>
          </reporter-output>
        </test-method> <!-- tearDown -->
      </class> <!-- testcases.PerformanceTest -->
      <class name="testcases.CheckoutTest">
        <test-method is-config="true" signature="setup()[pri:0, instance:testcases.CheckoutTest@461ad730]" started-at="2026-05-08T17:02:06 IST" name="setup" finished-at="2026-05-08T17:02:11 IST" duration-ms="4976" status="PASS">
          <reporter-output>
          </reporter-output>
        </test-method> <!-- setup -->
        <test-method signature="verifyCheckout()[pri:0, instance:testcases.CheckoutTest@461ad730]" started-at="2026-05-08T17:02:11 IST" name="verifyCheckout" description="TS_002_TC_CO_002 - Verify checkout with valid details" finished-at="2026-05-08T17:02:13 IST" duration-ms="1345" status="PASS">
          <reporter-output>
          </reporter-output>
        </test-method> <!-- verifyCheckout -->
        <test-method is-config="true" signature="tearDown()[pri:0, instance:testcases.CheckoutTest@461ad730]" started-at="2026-05-08T17:02:13 IST" name="tearDown" finished-at="2026-05-08T17:02:13 IST" duration-ms="167" status="PASS">
          <reporter-output>
          </reporter-output>
        </test-method> <!-- tearDown -->
      </class> <!-- testcases.CheckoutTest -->
      <class name="testcases.LoginTest">
        <test-method is-config="true" signature="setup()[pri:0, instance:testcases.LoginTest@f68f0dc]" started-at="2026-05-08T17:00:59 IST" name="setup" finished-at="2026-05-08T17:01:04 IST" duration-ms="5611" status="PASS">
          <reporter-output>
          </reporter-output>
        </test-method> <!-- setup -->
        <test-method signature="verifyLoginPageDisplayed()[pri:1, instance:testcases.LoginTest@f68f0dc]" started-at="2026-05-08T17:01:04 IST" name="verifyLoginPageDisplayed" description="TS_001_TC_LT_001 - Verify login page is displayed" finished-at="2026-05-08T17:01:04 IST" duration-ms="41" status="PASS">
          <reporter-output>
          </reporter-output>
        </test-method> <!-- verifyLoginPageDisplayed -->
        <test-method is-config="true" signature="tearDown()[pri:0, instance:testcases.LoginTest@f68f0dc]" started-at="2026-05-08T17:01:04 IST" name="tearDown" finished-at="2026-05-08T17:01:04 IST" duration-ms="204" status="PASS">
          <reporter-output>
          </reporter-output>
        </test-method> <!-- tearDown -->
        <test-method is-config="true" signature="setup()[pri:0, instance:testcases.LoginTest@f68f0dc]" started-at="2026-05-08T17:01:04 IST" name="setup" finished-at="2026-05-08T17:01:08 IST" duration-ms="3763" status="PASS">
          <reporter-output>
          </reporter-output>
        </test-method> <!-- setup -->
        <test-method signature="verifyUsernameField()[pri:2, instance:testcases.LoginTest@f68f0dc]" started-at="2026-05-08T17:01:08 IST" name="verifyUsernameField" description="TS_001_TC_LT_002 - Verify username field is displayed" finished-at="2026-05-08T17:01:08 IST" duration-ms="98" status="PASS">
          <reporter-output>
          </reporter-output>
        </test-method> <!-- verifyUsernameField -->
        <test-method is-config="true" signature="tearDown()[pri:0, instance:testcases.LoginTest@f68f0dc]" started-at="2026-05-08T17:01:08 IST" name="tearDown" finished-at="2026-05-08T17:01:09 IST" duration-ms="162" status="PASS">
          <reporter-output>
          </reporter-output>
        </test-method> <!-- tearDown -->
        <test-method is-config="true" signature="setup()[pri:0, instance:testcases.LoginTest@f68f0dc]" started-at="2026-05-08T17:01:09 IST" name="setup" finished-at="2026-05-08T17:01:13 IST" duration-ms="4174" status="PASS">
          <reporter-output>
          </reporter-output>
        </test-method> <!-- setup -->
        <test-method signature="verifyPasswordField()[pri:3, instance:testcases.LoginTest@f68f0dc]" started-at="2026-05-08T17:01:13 IST" name="verifyPasswordField" description="TS_001_TC_LT_003 - Verify password field is displayed" finished-at="2026-05-08T17:01:13 IST" duration-ms="82" status="PASS">
          <reporter-output>
          </reporter-output>
        </test-method> <!-- verifyPasswordField -->
        <test-method is-config="true" signature="tearDown()[pri:0, instance:testcases.LoginTest@f68f0dc]" started-at="2026-05-08T17:01:13 IST" name="tearDown" finished-at="2026-05-08T17:01:13 IST" duration-ms="209" status="PASS">
          <reporter-output>
          </reporter-output>
        </test-method> <!-- tearDown -->
        <test-method is-config="true" signature="setup()[pri:0, instance:testcases.LoginTest@f68f0dc]" started-at="2026-05-08T17:01:13 IST" name="setup" finished-at="2026-05-08T17:01:20 IST" duration-ms="6551" status="PASS">
          <reporter-output>
          </reporter-output>
        </test-method> <!-- setup -->
        <test-method signature="verifyLoginButton()[pri:4, instance:testcases.LoginTest@f68f0dc]" started-at="2026-05-08T17:01:20 IST" name="verifyLoginButton" description="TS_001_TC_LT_004 - Verify login button is displayed" finished-at="2026-05-08T17:01:20 IST" duration-ms="43" status="PASS">
          <reporter-output>
          </reporter-output>
        </test-method> <!-- verifyLoginButton -->
        <test-method is-config="true" signature="tearDown()[pri:0, instance:testcases.LoginTest@f68f0dc]" started-at="2026-05-08T17:01:20 IST" name="tearDown" finished-at="2026-05-08T17:01:20 IST" duration-ms="196" status="PASS">
          <reporter-output>
          </reporter-output>
        </test-method> <!-- tearDown -->
        <test-method is-config="true" signature="setup()[pri:0, instance:testcases.LoginTest@f68f0dc]" started-at="2026-05-08T17:01:20 IST" name="setup" finished-at="2026-05-08T17:01:24 IST" duration-ms="3914" status="PASS">
          <reporter-output>
          </reporter-output>
        </test-method> <!-- setup -->
        <test-method signature="validLoginTest()[pri:5, instance:testcases.LoginTest@f68f0dc]" started-at="2026-05-08T17:01:24 IST" name="validLoginTest" description="TS_001_TC_LT_005 - Verify login with valid credentials" finished-at="2026-05-08T17:01:24 IST" duration-ms="476" status="PASS">
          <reporter-output>
          </reporter-output>
        </test-method> <!-- validLoginTest -->
        <test-method is-config="true" signature="tearDown()[pri:0, instance:testcases.LoginTest@f68f0dc]" started-at="2026-05-08T17:01:24 IST" name="tearDown" finished-at="2026-05-08T17:01:24 IST" duration-ms="162" status="PASS">
          <reporter-output>
          </reporter-output>
        </test-method> <!-- tearDown -->
        <test-method is-config="true" signature="setup()[pri:0, instance:testcases.LoginTest@f68f0dc]" started-at="2026-05-08T17:01:24 IST" name="setup" finished-at="2026-05-08T17:01:28 IST" duration-ms="3689" status="PASS">
          <reporter-output>
          </reporter-output>
        </test-method> <!-- setup -->
        <test-method signature="invalidUsernameTest()[pri:6, instance:testcases.LoginTest@f68f0dc]" started-at="2026-05-08T17:01:28 IST" name="invalidUsernameTest" description="TS_001_TC_LT_006 - Verify login with invalid username" finished-at="2026-05-08T17:01:29 IST" duration-ms="629" status="PASS">
          <reporter-output>
          </reporter-output>
        </test-method> <!-- invalidUsernameTest -->
        <test-method is-config="true" signature="tearDown()[pri:0, instance:testcases.LoginTest@f68f0dc]" started-at="2026-05-08T17:01:29 IST" name="tearDown" finished-at="2026-05-08T17:01:29 IST" duration-ms="161" status="PASS">
          <reporter-output>
          </reporter-output>
        </test-method> <!-- tearDown -->
        <test-method is-config="true" signature="setup()[pri:0, instance:testcases.LoginTest@f68f0dc]" started-at="2026-05-08T17:01:29 IST" name="setup" finished-at="2026-05-08T17:01:32 IST" duration-ms="3331" status="PASS">
          <reporter-output>
          </reporter-output>
        </test-method> <!-- setup -->
        <test-method signature="invalidPasswordTest()[pri:7, instance:testcases.LoginTest@f68f0dc]" started-at="2026-05-08T17:01:32 IST" name="invalidPasswordTest" description="TS_001_TC_LT_007 - Verify login with invalid password" finished-at="2026-05-08T17:01:33 IST" duration-ms="540" status="PASS">
          <reporter-output>
          </reporter-output>
        </test-method> <!-- invalidPasswordTest -->
        <test-method is-config="true" signature="tearDown()[pri:0, instance:testcases.LoginTest@f68f0dc]" started-at="2026-05-08T17:01:33 IST" name="tearDown" finished-at="2026-05-08T17:01:33 IST" duration-ms="155" status="PASS">
          <reporter-output>
          </reporter-output>
        </test-method> <!-- tearDown -->
        <test-method is-config="true" signature="setup()[pri:0, instance:testcases.LoginTest@f68f0dc]" started-at="2026-05-08T17:01:33 IST" name="setup" finished-at="2026-05-08T17:01:36 IST" duration-ms="3449" status="PASS">
          <reporter-output>
          </reporter-output>
        </test-method> <!-- setup -->
        <test-method signature="invalidCredentialsTest()[pri:8, instance:testcases.LoginTest@f68f0dc]" started-at="2026-05-08T17:01:36 IST" name="invalidCredentialsTest" description="TS_001_TC_LT_008 - Verify login with both invalid credentials" finished-at="2026-05-08T17:01:37 IST" duration-ms="497" status="PASS">
          <reporter-output>
          </reporter-output>
        </test-method> <!-- invalidCredentialsTest -->
        <test-method is-config="true" signature="tearDown()[pri:0, instance:testcases.LoginTest@f68f0dc]" started-at="2026-05-08T17:01:37 IST" name="tearDown" finished-at="2026-05-08T17:01:37 IST" duration-ms="163" status="PASS">
          <reporter-output>
          </reporter-output>
        </test-method> <!-- tearDown -->
        <test-method is-config="true" signature="setup()[pri:0, instance:testcases.LoginTest@f68f0dc]" started-at="2026-05-08T17:01:37 IST" name="setup" finished-at="2026-05-08T17:01:41 IST" duration-ms="4403" status="PASS">
          <reporter-output>
          </reporter-output>
        </test-method> <!-- setup -->
        <test-method signature="verifyUsernameEnabled()[pri:9, instance:testcases.LoginTest@f68f0dc]" started-at="2026-05-08T17:01:41 IST" name="verifyUsernameEnabled" description="TS_001_TC_LT_009 - Verify username field is enabled" finished-at="2026-05-08T17:01:41 IST" duration-ms="82" status="PASS">
          <reporter-output>
          </reporter-output>
        </test-method> <!-- verifyUsernameEnabled -->
        <test-method is-config="true" signature="tearDown()[pri:0, instance:testcases.LoginTest@f68f0dc]" started-at="2026-05-08T17:01:41 IST" name="tearDown" finished-at="2026-05-08T17:01:42 IST" duration-ms="180" status="PASS">
          <reporter-output>
          </reporter-output>
        </test-method> <!-- tearDown -->
        <test-method is-config="true" signature="setup()[pri:0, instance:testcases.LoginTest@f68f0dc]" started-at="2026-05-08T17:01:42 IST" name="setup" finished-at="2026-05-08T17:01:46 IST" duration-ms="4305" status="PASS">
          <reporter-output>
          </reporter-output>
        </test-method> <!-- setup -->
        <test-method signature="verifyPasswordEnabled()[pri:10, instance:testcases.LoginTest@f68f0dc]" started-at="2026-05-08T17:01:46 IST" name="verifyPasswordEnabled" description="TS_001_TC_LT_010 - Verify password field is enabled" finished-at="2026-05-08T17:01:46 IST" duration-ms="56" status="PASS">
          <reporter-output>
          </reporter-output>
        </test-method> <!-- verifyPasswordEnabled -->
        <test-method is-config="true" signature="tearDown()[pri:0, instance:testcases.LoginTest@f68f0dc]" started-at="2026-05-08T17:01:46 IST" name="tearDown" finished-at="2026-05-08T17:01:46 IST" duration-ms="195" status="PASS">
          <reporter-output>
          </reporter-output>
        </test-method> <!-- tearDown -->
        <test-method is-config="true" signature="setup()[pri:0, instance:testcases.LoginTest@f68f0dc]" started-at="2026-05-08T17:01:46 IST" name="setup" finished-at="2026-05-08T17:01:54 IST" duration-ms="7373" status="PASS">
          <reporter-output>
          </reporter-output>
        </test-method> <!-- setup -->
        <test-method signature="verifyLoginButtonEnabled()[pri:11, instance:testcases.LoginTest@f68f0dc]" started-at="2026-05-08T17:01:54 IST" name="verifyLoginButtonEnabled" description="TS_001_TC_LT_011 - Verify login button is enabled" finished-at="2026-05-08T17:01:54 IST" duration-ms="53" status="PASS">
          <reporter-output>
          </reporter-output>
        </test-method> <!-- verifyLoginButtonEnabled -->
        <test-method is-config="true" signature="tearDown()[pri:0, instance:testcases.LoginTest@f68f0dc]" started-at="2026-05-08T17:01:54 IST" name="tearDown" finished-at="2026-05-08T17:01:54 IST" duration-ms="176" status="PASS">
          <reporter-output>
          </reporter-output>
        </test-method> <!-- tearDown -->
        <test-method is-config="true" signature="setup()[pri:0, instance:testcases.LoginTest@f68f0dc]" started-at="2026-05-08T17:01:54 IST" name="setup" finished-at="2026-05-08T17:01:59 IST" duration-ms="5592" status="PASS">
          <reporter-output>
          </reporter-output>
        </test-method> <!-- setup -->
        <test-method signature="verifyLoginButtonClickable()[pri:12, instance:testcases.LoginTest@f68f0dc]" started-at="2026-05-08T17:01:59 IST" name="verifyLoginButtonClickable" description="TS_001_TC_LT_012 - Verify login button is clickable" finished-at="2026-05-08T17:01:59 IST" duration-ms="59" status="PASS">
          <reporter-output>
          </reporter-output>
        </test-method> <!-- verifyLoginButtonClickable -->
        <test-method is-config="true" signature="tearDown()[pri:0, instance:testcases.LoginTest@f68f0dc]" started-at="2026-05-08T17:01:59 IST" name="tearDown" finished-at="2026-05-08T17:02:00 IST" duration-ms="212" status="PASS">
          <reporter-output>
          </reporter-output>
        </test-method> <!-- tearDown -->
      </class> <!-- testcases.LoginTest -->
    </test> <!-- AllTests -->
  </suite> <!-- AutomationSuite -->
</testng-results>
