<?xml version="1.0" encoding="UTF-8"?>
<!-- Generated by org.testng.reporters.JUnitReportReporter -->
<testsuite hostname="Monika-13" failures="0" tests="12" name="testcases.LoginTest" time="60.986" errors="0" timestamp="2026-05-08T17:02:42 IST" skipped="0">
  <testcase classname="testcases.LoginTest" name="verifyLoginPageDisplayed" time="4.424"/>
  <testcase classname="testcases.LoginTest" name="verifyUsernameField" time="3.727"/>
  <testcase classname="testcases.LoginTest" name="verifyPasswordField" time="7.650"/>
  <testcase classname="testcases.LoginTest" name="verifyLoginButton" time="6.756"/>
  <testcase classname="testcases.LoginTest" name="validLoginTest" time="4.936"/>
  <testcase classname="testcases.LoginTest" name="invalidUsernameTest" time="5.208"/>
  <testcase classname="testcases.LoginTest" name="invalidPasswordTest" time="4.425"/>
  <testcase classname="testcases.LoginTest" name="invalidCredentialsTest" time="4.615"/>
  <testcase classname="testcases.LoginTest" name="verifyUsernameEnabled" time="3.625"/>
  <testcase classname="testcases.LoginTest" name="verifyPasswordEnabled" time="5.829"/>
  <testcase classname="testcases.LoginTest" name="verifyLoginButtonEnabled" time="5.806"/>
  <testcase classname="testcases.LoginTest" name="verifyLoginButtonClickable" time="3.985"/>
</testsuite> <!-- testcases.LoginTest -->
